<?xml version="1.0" encoding="UTF-8"?>
<!-- Generated by org.testng.reporters.JUnitReportReporter -->
<testsuite hostname="Akshay" failures="0" tests="1" name="com.crm.Product.SelectProductFromCreateFilterTest" time="13.613" errors="0" timestamp="2022-02-25T21:01:22 IST" skipped="0">
  <testcase classname="com.crm.Product.SelectProductFromCreateFilterTest" name="selectproductfromcreatefilter" time="13.613"/>
  <system-out/>
</testsuite> <!-- com.crm.Product.SelectProductFromCreateFilterTest -->
