<?xml version="1.0" encoding="UTF-8"?>
<!-- Generated by org.testng.reporters.JUnitReportReporter -->
<testsuite hostname="Akshay" failures="0" tests="1" name="com.crm.PRACTICE.SelectDateGoibibo" time="15.213" errors="0" timestamp="2022-03-09T15:52:50 IST" skipped="0">
  <testcase classname="com.crm.PRACTICE.SelectDateGoibibo" name="selectdate" time="15.213"/>
  <system-out/>
</testsuite> <!-- com.crm.PRACTICE.SelectDateGoibibo -->
