<?xml version="1.0" encoding="UTF-8"?>
<!-- Generated by org.testng.reporters.JUnitReportReporter -->
<testsuite hostname="Akshay" failures="0" tests="1" name="com.crm.OrganizationTest.CreateOrganizationWithPropertyfileTest1" time="10.931" errors="0" timestamp="2022-02-22T19:21:01 IST" skipped="0">
  <testcase classname="com.crm.OrganizationTest.CreateOrganizationWithPropertyfileTest1" name="createOrgTest" time="10.931"/>
  <system-out/>
</testsuite> <!-- com.crm.OrganizationTest.CreateOrganizationWithPropertyfileTest1 -->
