<?xml version="1.0" encoding="UTF-8"?>
<!-- Generated by org.testng.reporters.JUnitReportReporter -->
<testsuite hostname="Akshay" failures="0" tests="1" name="com.crm.OrganizationTest.CreateOrganizationWithPropertyfileTest" time="5.812" errors="0" timestamp="2022-02-18T15:11:26 IST" skipped="0">
  <testcase classname="com.crm.OrganizationTest.CreateOrganizationWithPropertyfileTest" name="createOrgTest" time="5.812"/>
  <system-out/>
</testsuite> <!-- com.crm.OrganizationTest.CreateOrganizationWithPropertyfileTest -->
