<?xml version="1.0" encoding="UTF-8"?>
<!-- Generated by org.testng.reporters.JUnitReportReporter -->
<testsuite hostname="Akshay" failures="0" tests="1" name="com.crm.Product.ProductAndCampaiginIntegratedTest" time="21.367" errors="0" timestamp="2022-02-28T07:53:15 IST" skipped="0">
  <testcase classname="com.crm.Product.ProductAndCampaiginIntegratedTest" name="productandcampaiginintegratedtest" time="21.367"/>
  <system-out/>
</testsuite> <!-- com.crm.Product.ProductAndCampaiginIntegratedTest -->
