<?xml version="1.0" encoding="UTF-8"?>
<!-- Generated by org.testng.reporters.JUnitReportReporter -->
<testsuite hostname="Akshay" failures="0" tests="1" name="com.crm.OrganizationTest.CreateOrgWithIndustryTypeTest1" time="14.059" errors="0" timestamp="2022-02-24T12:49:02 IST" skipped="0">
  <testcase classname="com.crm.OrganizationTest.CreateOrgWithIndustryTypeTest1" name="creayeorgwithindustytypetest" time="14.059"/>
  <system-out/>
</testsuite> <!-- com.crm.OrganizationTest.CreateOrgWithIndustryTypeTest1 -->
