<?xml version="1.0" encoding="UTF-8"?>
<!-- Generated by org.testng.reporters.JUnitReportReporter -->
<testsuite hostname="Akshay" failures="0" tests="1" name="com.crm.PRACTICE.SampleJDBCExecuteQurey" time="0.299" errors="0" timestamp="2022-02-17T06:05:23 IST" skipped="0">
  <testcase classname="com.crm.PRACTICE.SampleJDBCExecuteQurey" name="SampleJDBCExecuteQuery" time="0.299"/>
  <system-out/>
</testsuite> <!-- com.crm.PRACTICE.SampleJDBCExecuteQurey -->
