<?xml version="1.0" encoding="UTF-8"?>
<!-- Generated by org.testng.reporters.JUnitReportReporter -->
<testsuite hostname="Akshay" failures="0" tests="10" name="com.crm.PRACTICE.SampleDataProvider" time="0.016" errors="0" timestamp="2022-02-28T16:38:21 IST" skipped="0">
  <testcase classname="com.crm.PRACTICE.SampleDataProvider" name="readData1" time="0.001"/>
  <system-out/>
  <testcase classname="com.crm.PRACTICE.SampleDataProvider" name="readData1" time="0.001"/>
  <system-out/>
  <testcase classname="com.crm.PRACTICE.SampleDataProvider" name="readData1" time="0.001"/>
  <system-out/>
  <testcase classname="com.crm.PRACTICE.SampleDataProvider" name="readData1" time="0.001"/>
  <system-out/>
  <testcase classname="com.crm.PRACTICE.SampleDataProvider" name="readData1" time="0.001"/>
  <system-out/>
  <testcase classname="com.crm.PRACTICE.SampleDataProvider" name="readData1" time="0.007"/>
  <system-out/>
  <testcase classname="com.crm.PRACTICE.SampleDataProvider" name="sampleDataProvider" time="0.001"/>
  <system-out/>
  <testcase classname="com.crm.PRACTICE.SampleDataProvider" name="sampleDataProvider" time="0.001"/>
  <system-out/>
  <testcase classname="com.crm.PRACTICE.SampleDataProvider" name="sampleDataProvider" time="0.001"/>
  <system-out/>
  <testcase classname="com.crm.PRACTICE.SampleDataProvider" name="sampleDataProvider" time="0.001"/>
  <system-out/>
</testsuite> <!-- com.crm.PRACTICE.SampleDataProvider -->
