<?xml version="1.0" encoding="UTF-8"?>
<!-- Generated by org.testng.reporters.JUnitReportReporter -->
<testsuite hostname="Akshay" failures="0" tests="1" name="com.crm.PRACTICE.PractieforGenericUtils" time="0.022" errors="0" timestamp="2022-02-21T13:47:16 IST" skipped="0">
  <testcase classname="com.crm.PRACTICE.PractieforGenericUtils" name="practice" time="0.022"/>
  <system-out/>
</testsuite> <!-- com.crm.PRACTICE.PractieforGenericUtils -->
