<?xml version="1.0" encoding="UTF-8"?>
<!-- Generated by org.testng.reporters.JUnitReportReporter -->
<testsuite hostname="Akshay" failures="0" tests="1" name="com.crm.PRACTICE.WriteDataFromExcelSheetTest" time="0.423" errors="0" timestamp="2022-02-17T16:43:45 IST" skipped="0">
  <testcase classname="com.crm.PRACTICE.WriteDataFromExcelSheetTest" name="writedatafromexcelsheet" time="0.423"/>
  <system-out/>
</testsuite> <!-- com.crm.PRACTICE.WriteDataFromExcelSheetTest -->
