<?xml version="1.0" encoding="UTF-8"?>
<!-- Generated by org.testng.reporters.JUnitReportReporter -->
<testsuite hostname="Akshay" failures="0" tests="1" name="com.crm.PRACTICE.POMPracticeForLogin" time="7.161" errors="0" timestamp="2022-02-23T16:44:02 IST" skipped="0">
  <testcase classname="com.crm.PRACTICE.POMPracticeForLogin" name="pomPractice" time="7.161"/>
  <system-out/>
</testsuite> <!-- com.crm.PRACTICE.POMPracticeForLogin -->
