<?xml version="1.0" encoding="UTF-8"?>
<!-- Generated by org.testng.reporters.JUnitReportReporter -->
<testsuite hostname="Akshay" failures="0" tests="1" name="com.crm.TroubleTickets.CreateTroubleTicketsTest" time="12.147" errors="0" timestamp="2022-02-20T12:31:59 IST" skipped="0">
  <testcase classname="com.crm.TroubleTickets.CreateTroubleTicketsTest" name="createtroubleticketstest" time="12.147"/>
  <system-out/>
</testsuite> <!-- com.crm.TroubleTickets.CreateTroubleTicketsTest -->
