<?xml version="1.0" encoding="UTF-8"?>
<!-- Generated by org.testng.reporters.JUnitReportReporter -->
<testsuite hostname="Akshay" failures="0" tests="1" name="com.crm.PRACTICE.DataVerificationInDB" time="0.303" errors="0" timestamp="2022-02-17T12:57:58 IST" skipped="0">
  <testcase classname="com.crm.PRACTICE.DataVerificationInDB" name="DataVerificationInDB" time="0.303"/>
  <system-out/>
</testsuite> <!-- com.crm.PRACTICE.DataVerificationInDB -->
