<?xml version="1.0" encoding="UTF-8"?>
<!-- Generated by org.testng.reporters.JUnitReportReporter -->
<testsuite hostname="Akshay" failures="0" tests="6" name="com.crm.ContactTest.CreateContactWithDataProviderTest" time="83.296" errors="0" timestamp="2022-03-01T09:19:18 IST" skipped="0">
  <testcase classname="com.crm.ContactTest.CreateContactWithDataProviderTest" name="createContctWithDataProviderTest" time="11.558"/>
  <system-out/>
  <testcase classname="com.crm.ContactTest.CreateContactWithDataProviderTest" name="createContctWithDataProviderTest" time="11.237"/>
  <system-out/>
  <testcase classname="com.crm.ContactTest.CreateContactWithDataProviderTest" name="createContctWithDataProviderTest" time="10.303"/>
  <system-out/>
  <testcase classname="com.crm.ContactTest.CreateContactWithDataProviderTest" name="createContctWithDataProviderTest" time="11.601"/>
  <system-out/>
  <testcase classname="com.crm.ContactTest.CreateContactWithDataProviderTest" name="createContctWithDataProviderTest" time="27.074"/>
  <system-out/>
  <testcase classname="com.crm.ContactTest.CreateContactWithDataProviderTest" name="createContctWithDataProviderTest" time="11.523"/>
  <system-out/>
</testsuite> <!-- com.crm.ContactTest.CreateContactWithDataProviderTest -->
