<?xml version="1.0" encoding="UTF-8"?>
<!-- Generated by org.testng.reporters.JUnitReportReporter -->
<testsuite hostname="Akshay" failures="0" tests="8" name="com.crm.OrganizationTest.CreateOrgWithIndustryAndTypeNameDropDownTest" time="93.844" errors="0" timestamp="2022-03-01T10:32:28 IST" skipped="0">
  <testcase classname="com.crm.OrganizationTest.CreateOrgWithIndustryAndTypeNameDropDownTest" name="createOrgWithIdustryAndTypeNameDropDownTest" time="11.454"/>
  <system-out>
    <![CDATA[login successfull
click on organization
create organization
created organization
sinout successfull]]>
  </system-out>
  <testcase classname="com.crm.OrganizationTest.CreateOrgWithIndustryAndTypeNameDropDownTest" name="createOrgWithIdustryAndTypeNameDropDownTest" time="12.965"/>
  <system-out>
    <![CDATA[login successfull
click on organization
create organization
created organization
sinout successfull]]>
  </system-out>
  <testcase classname="com.crm.OrganizationTest.CreateOrgWithIndustryAndTypeNameDropDownTest" name="createOrgWithIdustryAndTypeNameDropDownTest" time="11.237"/>
  <system-out>
    <![CDATA[login successfull
click on organization
create organization
created organization
sinout successfull]]>
  </system-out>
  <testcase classname="com.crm.OrganizationTest.CreateOrgWithIndustryAndTypeNameDropDownTest" name="createOrgWithIdustryAndTypeNameDropDownTest" time="11.718"/>
  <system-out>
    <![CDATA[login successfull
click on organization
create organization
created organization
sinout successfull]]>
  </system-out>
  <testcase classname="com.crm.OrganizationTest.CreateOrgWithIndustryAndTypeNameDropDownTest" name="createOrgWithIdustryAndTypeNameDropDownTest" time="11.676"/>
  <system-out>
    <![CDATA[login successfull
click on organization
create organization
created organization
sinout successfull]]>
  </system-out>
  <testcase classname="com.crm.OrganizationTest.CreateOrgWithIndustryAndTypeNameDropDownTest" name="createOrgWithIdustryAndTypeNameDropDownTest" time="11.779"/>
  <system-out>
    <![CDATA[login successfull
click on organization
create organization
created organization
sinout successfull]]>
  </system-out>
  <testcase classname="com.crm.OrganizationTest.CreateOrgWithIndustryAndTypeNameDropDownTest" name="createOrgWithIdustryAndTypeNameDropDownTest" time="11.327"/>
  <system-out>
    <![CDATA[login successfull
click on organization
create organization
created organization
sinout successfull]]>
  </system-out>
  <testcase classname="com.crm.OrganizationTest.CreateOrgWithIndustryAndTypeNameDropDownTest" name="createOrgWithIdustryAndTypeNameDropDownTest" time="11.688"/>
  <system-out>
    <![CDATA[login successfull
click on organization
create organization
created organization
sinout successfull]]>
  </system-out>
</testsuite> <!-- com.crm.OrganizationTest.CreateOrgWithIndustryAndTypeNameDropDownTest -->
