<?xml version="1.0" encoding="UTF-8"?>
<!-- Generated by org.testng.reporters.JUnitReportReporter -->
<testsuite hostname="Akshay" failures="0" tests="2" name="com.crm.PRACTICE.SelecteDate" time="29.379" errors="0" timestamp="2022-03-09T15:07:41 IST" skipped="1">
  <testcase classname="com.crm.PRACTICE.SelecteDate" name="selectdatemmt" time="29.379"/>
  <system-out/>
  <testcase classname="com.crm.PRACTICE.SelecteDate" name="selectDate">
    <skipped/>
  </testcase> <!-- selectDate -->
  <system-out/>
</testsuite> <!-- com.crm.PRACTICE.SelecteDate -->
