<?xml version="1.0" encoding="UTF-8"?>
<!-- Generated by org.testng.reporters.JUnitReportReporter -->
<testsuite hostname="Akshay" failures="0" tests="2" name="com.crm.PRACTICE.SelecteDateMakeMyTrip" time="0.037" errors="0" timestamp="2022-03-10T14:44:31 IST" skipped="1">
  <testcase classname="com.crm.PRACTICE.SelecteDateMakeMyTrip" name="selectPrasentDate" time="0.037"/>
  <system-out/>
  <testcase classname="com.crm.PRACTICE.SelecteDateMakeMyTrip" name="selectDate">
    <skipped/>
  </testcase> <!-- selectDate -->
  <system-out/>
</testsuite> <!-- com.crm.PRACTICE.SelecteDateMakeMyTrip -->
