<?xml version="1.0" encoding="UTF-8"?>
<!-- Generated by org.testng.reporters.JUnitReportReporter -->
<testsuite hostname="Akshay" failures="0" tests="3" name="com.crm.ContactTest.CheckAllTheChechBoxInContactTest" time="7.333" errors="0" timestamp="2022-03-09T10:55:11 IST" skipped="2">
  <testcase classname="com.crm.ContactTest.CheckAllTheChechBoxInContactTest" name="delete5thContact" time="7.333"/>
  <system-out/>
  <testcase classname="com.crm.ContactTest.CheckAllTheChechBoxInContactTest" name="PrintContactLatName">
    <skipped/>
  </testcase> <!-- PrintContactLatName -->
  <system-out/>
  <testcase classname="com.crm.ContactTest.CheckAllTheChechBoxInContactTest" name="checkAllTheCheckBoxInContactTest">
    <skipped/>
  </testcase> <!-- checkAllTheCheckBoxInContactTest -->
  <system-out/>
</testsuite> <!-- com.crm.ContactTest.CheckAllTheChechBoxInContactTest -->
