<?xml version="1.0" encoding="UTF-8"?>
<!-- Generated by org.testng.reporters.JUnitReportReporter -->
<testsuite hostname="Akshay" failures="0" tests="1" name="com.crm.Product.SearchAndDeleteTheProduct" time="13.245" errors="0" timestamp="2022-02-27T11:56:07 IST" skipped="0">
  <testcase classname="com.crm.Product.SearchAndDeleteTheProduct" name="searchanddeletetheproduct" time="13.245"/>
  <system-out/>
</testsuite> <!-- com.crm.Product.SearchAndDeleteTheProduct -->
