<?xml version="1.0" encoding="UTF-8"?>
<!-- Generated by org.testng.reporters.JUnitReportReporter -->
<testsuite hostname="Akshay" failures="0" tests="1" name="com.crm.ContactTest.CreateContactWithOrg2Test" time="11.798" errors="0" timestamp="2022-03-03T13:13:43 IST" skipped="0">
  <testcase classname="com.crm.ContactTest.CreateContactWithOrg2Test" name="createcontactanyorgtest" time="11.798"/>
  <system-out/>
</testsuite> <!-- com.crm.ContactTest.CreateContactWithOrg2Test -->
