<?xml version="1.0" encoding="UTF-8"?>
<!-- Generated by org.testng.reporters.JUnitReportReporter -->
<testsuite hostname="Akshay" failures="0" tests="1" name="com.crm.OrganizationTest.CreateOrganizationTest1" time="10.670" errors="0" timestamp="2022-03-02T14:29:50 IST" skipped="0">
  <testcase classname="com.crm.OrganizationTest.CreateOrganizationTest1" name="creatorganizationtest" time="10.670"/>
  <system-out/>
</testsuite> <!-- com.crm.OrganizationTest.CreateOrganizationTest1 -->
