<?xml version="1.0" encoding="UTF-8"?>
<!-- Generated by org.testng.reporters.JUnitReportReporter -->
<testsuite hostname="Akshay" failures="0" tests="1" name="com.crm.ContactTest.CreateContactUsingQuickCreateTest" time="12.275" errors="0" timestamp="2022-02-22T23:14:30 IST" skipped="0">
  <testcase classname="com.crm.ContactTest.CreateContactUsingQuickCreateTest" name="createcontactusingquickcreatetest" time="12.275"/>
  <system-out/>
</testsuite> <!-- com.crm.ContactTest.CreateContactUsingQuickCreateTest -->
