<?xml version="1.0" encoding="UTF-8"?>
<!-- Generated by org.testng.reporters.JUnitReportReporter -->
<testsuite hostname="Akshay" failures="0" tests="4" name="com.crm.PRACTICE.SameDataProvider" time="0.009" errors="0" timestamp="2022-02-28T15:46:28 IST" skipped="0">
  <testcase classname="com.crm.PRACTICE.SameDataProvider" name="sampleDataProvider" time="0.006"/>
  <system-out/>
  <testcase classname="com.crm.PRACTICE.SameDataProvider" name="sampleDataProvider" time="0.001"/>
  <system-out/>
  <testcase classname="com.crm.PRACTICE.SameDataProvider" name="sampleDataProvider" time="0.001"/>
  <system-out/>
  <testcase classname="com.crm.PRACTICE.SameDataProvider" name="sampleDataProvider" time="0.001"/>
  <system-out/>
</testsuite> <!-- com.crm.PRACTICE.SameDataProvider -->
