<?xml version="1.0" encoding="UTF-8"?>
<!-- Generated by org.testng.reporters.JUnitReportReporter -->
<testsuite hostname="Akshay" failures="0" tests="1" name="com.crm.PRACTICE.SampleJDBCExecuteUpdate" time="0.147" errors="0" timestamp="2022-02-16T16:08:33 IST" skipped="0">
  <testcase classname="com.crm.PRACTICE.SampleJDBCExecuteUpdate" name="Samlejdbcexecuteupdate" time="0.147"/>
  <system-out/>
</testsuite> <!-- com.crm.PRACTICE.SampleJDBCExecuteUpdate -->
