<?xml version="1.0" encoding="UTF-8"?>
<!-- Generated by org.testng.reporters.JUnitReportReporter -->
<testsuite hostname="Akshay" failures="0" tests="1" name="com.crm.PRACTICE.PropertyFilePracties" time="0.011" errors="0" timestamp="2022-02-17T14:42:47 IST" skipped="0">
  <testcase classname="com.crm.PRACTICE.PropertyFilePracties" name="propartyfilepracties" time="0.011"/>
  <system-out/>
</testsuite> <!-- com.crm.PRACTICE.PropertyFilePracties -->
