<?xml version="1.0" encoding="UTF-8"?>
<!-- Generated by org.testng.reporters.JUnitReportReporter -->
<testsuite hostname="Akshay" failures="0" tests="1" name="com.crm.Product.ClickOnCreateFilterLinkInProductTest" time="12.932" errors="0" timestamp="2022-02-28T07:53:38 IST" skipped="0">
  <testcase classname="com.crm.Product.ClickOnCreateFilterLinkInProductTest" name="clickoncreatefilterlinkinproduct" time="12.932"/>
  <system-out/>
</testsuite> <!-- com.crm.Product.ClickOnCreateFilterLinkInProductTest -->
