<?xml version="1.0" encoding="UTF-8"?>
<!-- Generated by org.testng.reporters.JUnitReportReporter -->
<testsuite hostname="Akshay" failures="0" tests="1" name="com.crm.Product.SearchAndEditTheProductTest" time="12.469" errors="0" timestamp="2022-02-28T10:53:07 IST" skipped="0">
  <testcase classname="com.crm.Product.SearchAndEditTheProductTest" name="searchandedittheproducttest" time="12.469"/>
  <system-out/>
</testsuite> <!-- com.crm.Product.SearchAndEditTheProductTest -->
