<?xml version="1.0" encoding="UTF-8"?>
<!-- Generated by org.testng.reporters.JUnitReportReporter -->
<testsuite hostname="Akshay" failures="0" tests="8" name="com.crm.OrganizationTest.CreateOrgWithMultipleDataTest" time="68.579" errors="0" timestamp="2022-03-01T09:30:10 IST" skipped="0">
  <testcase classname="com.crm.OrganizationTest.CreateOrgWithMultipleDataTest" name="createOrgWithMltipleData" time="8.194"/>
  <system-out>
    <![CDATA[login successful
navigated to org link
click on create org link
create org with insustry type
verification successful]]>
  </system-out>
  <testcase classname="com.crm.OrganizationTest.CreateOrgWithMultipleDataTest" name="createOrgWithMltipleData" time="8.087"/>
  <system-out>
    <![CDATA[login successful
navigated to org link
click on create org link
create org with insustry type
verification successful]]>
  </system-out>
  <testcase classname="com.crm.OrganizationTest.CreateOrgWithMultipleDataTest" name="createOrgWithMltipleData" time="8.033"/>
  <system-out>
    <![CDATA[login successful
navigated to org link
click on create org link
create org with insustry type
verification successful]]>
  </system-out>
  <testcase classname="com.crm.OrganizationTest.CreateOrgWithMultipleDataTest" name="createOrgWithMltipleData" time="12.496"/>
  <system-out>
    <![CDATA[login successful
navigated to org link
click on create org link
create org with insustry type
verification successful]]>
  </system-out>
  <testcase classname="com.crm.OrganizationTest.CreateOrgWithMultipleDataTest" name="createOrgWithMltipleData" time="7.836"/>
  <system-out>
    <![CDATA[login successful
navigated to org link
click on create org link
create org with insustry type
verification successful]]>
  </system-out>
  <testcase classname="com.crm.OrganizationTest.CreateOrgWithMultipleDataTest" name="createOrgWithMltipleData" time="8.038"/>
  <system-out>
    <![CDATA[login successful
navigated to org link
click on create org link
create org with insustry type
verification successful]]>
  </system-out>
  <testcase classname="com.crm.OrganizationTest.CreateOrgWithMultipleDataTest" name="createOrgWithMltipleData" time="7.943"/>
  <system-out>
    <![CDATA[login successful
navigated to org link
click on create org link
create org with insustry type
verification successful]]>
  </system-out>
  <testcase classname="com.crm.OrganizationTest.CreateOrgWithMultipleDataTest" name="createOrgWithMltipleData" time="7.952"/>
  <system-out>
    <![CDATA[login successful
navigated to org link
click on create org link
create org with insustry type
verification successful]]>
  </system-out>
</testsuite> <!-- com.crm.OrganizationTest.CreateOrgWithMultipleDataTest -->
