<?xml version="1.0" encoding="UTF-8"?>
<!-- Generated by org.testng.reporters.JUnitReportReporter -->
<testsuite hostname="Akshay" failures="0" tests="1" name="com.crm.PRACTICE.ReadDataFromSuitXMLfileTest" time="0.005" errors="0" timestamp="2022-02-18T15:18:44 IST" skipped="0">
  <testcase classname="com.crm.PRACTICE.ReadDataFromSuitXMLfileTest" name="readdatafromsuitxmlfile" time="0.005"/>
  <system-out/>
</testsuite> <!-- com.crm.PRACTICE.ReadDataFromSuitXMLfileTest -->
