<?xml version="1.0" encoding="UTF-8"?>
<!-- Generated by org.testng.reporters.JUnitReportReporter -->
<testsuite hostname="Akshay" failures="0" tests="1" name="com.crm.OrganizationTest.CreateOrgTest1" time="8.257" errors="0" timestamp="2022-03-05T10:34:39 IST" skipped="0">
  <testcase classname="com.crm.OrganizationTest.CreateOrgTest1" name="createorgtest" time="8.257"/>
  <system-out>
    <![CDATA[createorgtest----testscript execution started
Organizations expectedheader and actualheader are equal
createorgtest----testscript execution sucessfull - PASS]]>
  </system-out>
</testsuite> <!-- com.crm.OrganizationTest.CreateOrgTest1 -->
