<?xml version="1.0" encoding="UTF-8"?>
<!-- Generated by org.testng.reporters.JUnitReportReporter -->
<testsuite hostname="Akshay" failures="0" tests="1" name="com.crm.ContactTest.CreateContact1Test" time="13.481" errors="0" timestamp="2022-02-24T14:29:12 IST" skipped="0">
  <testcase classname="com.crm.ContactTest.CreateContact1Test" name="createcontacttest" time="13.481"/>
  <system-out/>
</testsuite> <!-- com.crm.ContactTest.CreateContact1Test -->
