<?xml version="1.0" encoding="UTF-8"?>
<!-- Generated by org.testng.reporters.JUnitReportReporter -->
<testsuite hostname="Akshay" failures="0" tests="1" name="com.crm.OrganizationTest.CreateOrganizationTest" time="9.610" errors="0" timestamp="2022-03-02T14:29:27 IST" skipped="0">
  <testcase classname="com.crm.OrganizationTest.CreateOrganizationTest" name="creatorganizationtest" time="9.610"/>
  <system-out/>
</testsuite> <!-- com.crm.OrganizationTest.CreateOrganizationTest -->
