<?xml version="1.0" encoding="UTF-8"?>
<!-- Generated by org.testng.reporters.JUnitReportReporter -->
<testsuite hostname="Akshay" failures="0" tests="1" name="com.crm.ContactTest.CreateContactTest" time="12.674" errors="0" timestamp="2022-02-18T10:13:34 IST" skipped="0">
  <testcase classname="com.crm.ContactTest.CreateContactTest" name="createcontacttest" time="12.674"/>
  <system-out/>
</testsuite> <!-- com.crm.ContactTest.CreateContactTest -->
