<?xml version="1.0" encoding="UTF-8"?>
<!-- Generated by org.testng.reporters.JUnitReportReporter -->
<testsuite hostname="Akshay" failures="0" tests="1" name="com.crm.ContactTest.CreateContactAnyOrgTest" time="12.053" errors="0" timestamp="2022-02-22T22:58:26 IST" skipped="0">
  <testcase classname="com.crm.ContactTest.CreateContactAnyOrgTest" name="createcontactanyorgtest" time="12.053"/>
  <system-out/>
</testsuite> <!-- com.crm.ContactTest.CreateContactAnyOrgTest -->
