<?xml version="1.0" encoding="UTF-8"?>
<!-- Generated by org.testng.reporters.JUnitReportReporter -->
<testsuite hostname="Akshay" failures="0" tests="1" name="com.crm.ContactTest.CreateContactAnyOrg1Test" time="17.060" errors="0" timestamp="2022-02-24T16:07:54 IST" skipped="0">
  <testcase classname="com.crm.ContactTest.CreateContactAnyOrg1Test" name="createcontactanyorgtest" time="17.060"/>
  <system-out/>
</testsuite> <!-- com.crm.ContactTest.CreateContactAnyOrg1Test -->
